[0m12:56:08.145605 [debug] [MainThread]: Sending event: {'category': 'dbt', 'action': 'invocation', 'label': 'start', 'context': [<snowplow_tracker.self_describing_json.SelfDescribingJson object at 0x0000025FFE5771A0>, <snowplow_tracker.self_describing_json.SelfDescribingJson object at 0x0000025F80D43AA0>, <snowplow_tracker.self_describing_json.SelfDescribingJson object at 0x0000025F80D423C0>]}


============================== 12:56:08.145605 | 7926fd40-f347-4fd2-b2e6-ce54823435d4 ==============================
[0m12:56:08.145605 [info ] [MainThread]: Running with dbt=1.8.8
[0m12:56:08.161234 [debug] [MainThread]: running dbt with arguments {'printer_width': '80', 'indirect_selection': 'eager', 'log_cache_events': 'False', 'write_json': 'True', 'partial_parse': 'True', 'cache_selected_only': 'False', 'profiles_dir': '../', 'fail_fast': 'False', 'warn_error': 'None', 'log_path': 'logs', 'version_check': 'True', 'debug': 'False', 'use_colors': 'True', 'use_experimental_parser': 'False', 'no_print': 'None', 'quiet': 'False', 'empty': 'None', 'log_format': 'default', 'introspect': 'True', 'invocation_command': 'dbt init', 'warn_error_options': 'WarnErrorOptions(include=[], exclude=[])', 'target_path': 'None', 'static_parser': 'True', 'send_anonymous_usage_stats': 'True'}
[0m12:56:13.980500 [debug] [MainThread]: Starter project path: C:\Users\Franc\Workspace\Pipeline-ETL-Python-DW\.venv\Lib\site-packages\dbt\include\starter_project
[0m12:56:13.998279 [info ] [MainThread]: 
Your new dbt project "dw_commodities" was created!

For more information on how to configure the profiles.yml file,
please consult the dbt documentation here:

  https://docs.getdbt.com/docs/configure-your-profile

One more thing:

Need help? Don't hesitate to reach out to us via GitHub issues or on Slack:

  https://community.getdbt.com/

Happy modeling!

[0m12:56:14.000628 [info ] [MainThread]: Setting up your profile.
[0m12:58:24.909889 [info ] [MainThread]: Profile dw_commodities written to ..\profiles.yml using target's profile_template.yml and your supplied values. Run 'dbt debug' to validate the connection.
[0m12:58:24.909889 [debug] [MainThread]: Command `dbt init` succeeded at 12:58:24.909889 after 136.91 seconds
[0m12:58:24.909889 [debug] [MainThread]: Sending event: {'category': 'dbt', 'action': 'invocation', 'label': 'end', 'context': [<snowplow_tracker.self_describing_json.SelfDescribingJson object at 0x0000025F8086E9C0>, <snowplow_tracker.self_describing_json.SelfDescribingJson object at 0x0000025F80F93980>, <snowplow_tracker.self_describing_json.SelfDescribingJson object at 0x0000025F80FECFB0>]}
[0m12:58:24.909889 [debug] [MainThread]: Flushing usage events
[0m13:22:33.770776 [debug] [MainThread]: Sending event: {'category': 'dbt', 'action': 'invocation', 'label': 'start', 'context': [<snowplow_tracker.self_describing_json.SelfDescribingJson object at 0x000002690CC4ED50>, <snowplow_tracker.self_describing_json.SelfDescribingJson object at 0x000002690F50CC50>, <snowplow_tracker.self_describing_json.SelfDescribingJson object at 0x000002690BDBDC40>]}


============================== 13:22:33.778784 | d114c6b1-c284-4f83-9af3-7ea5250b9048 ==============================
[0m13:22:33.778784 [info ] [MainThread]: Running with dbt=1.8.8
[0m13:22:33.779802 [debug] [MainThread]: running dbt with arguments {'printer_width': '80', 'indirect_selection': 'eager', 'write_json': 'True', 'log_cache_events': 'False', 'partial_parse': 'True', 'cache_selected_only': 'False', 'profiles_dir': '../', 'debug': 'False', 'version_check': 'True', 'log_path': 'logs', 'warn_error': 'None', 'fail_fast': 'False', 'use_colors': 'True', 'use_experimental_parser': 'False', 'empty': 'None', 'quiet': 'False', 'no_print': 'None', 'warn_error_options': 'WarnErrorOptions(include=[], exclude=[])', 'invocation_command': 'dbt debug', 'log_format': 'default', 'introspect': 'True', 'target_path': 'None', 'static_parser': 'True', 'send_anonymous_usage_stats': 'True'}
[0m13:22:33.821005 [info ] [MainThread]: dbt version: 1.8.8
[0m13:22:33.822409 [info ] [MainThread]: python version: 3.12.3
[0m13:22:33.824179 [info ] [MainThread]: python path: C:\Users\Franc\Workspace\Pipeline-ETL-Python-DW\.venv\Scripts\python.exe
[0m13:22:33.827200 [info ] [MainThread]: os info: Windows-11-10.0.22631-SP0
[0m13:22:33.828715 [info ] [MainThread]: Using profiles dir at ../
[0m13:22:33.830239 [info ] [MainThread]: Using profiles.yml file at ../profiles.yml
[0m13:22:33.831249 [info ] [MainThread]: Using dbt_project.yml file at C:\Users\Franc\Workspace\Pipeline-ETL-Python-DW\dbt_project.yml
[0m13:22:33.832248 [info ] [MainThread]: Configuration:
[0m13:22:33.833248 [info ] [MainThread]:   profiles.yml file [[31mERROR not found[0m]
[0m13:22:33.834249 [info ] [MainThread]:   dbt_project.yml file [[31mERROR not found[0m]
[0m13:22:33.835248 [info ] [MainThread]: Required dependencies:
[0m13:22:33.837253 [debug] [MainThread]: Executing "git --help"
[0m13:22:33.883695 [debug] [MainThread]: STDOUT: "b"usage: git [-v | --version] [-h | --help] [-C <path>] [-c <name>=<value>]\n           [--exec-path[=<path>]] [--html-path] [--man-path] [--info-path]\n           [-p | --paginate | -P | --no-pager] [--no-replace-objects] [--bare]\n           [--git-dir=<path>] [--work-tree=<path>] [--namespace=<name>]\n           [--config-env=<name>=<envvar>] <command> [<args>]\n\nThese are common Git commands used in various situations:\n\nstart a working area (see also: git help tutorial)\n   clone     Clone a repository into a new directory\n   init      Create an empty Git repository or reinitialize an existing one\n\nwork on the current change (see also: git help everyday)\n   add       Add file contents to the index\n   mv        Move or rename a file, a directory, or a symlink\n   restore   Restore working tree files\n   rm        Remove files from the working tree and from the index\n\nexamine the history and state (see also: git help revisions)\n   bisect    Use binary search to find the commit that introduced a bug\n   diff      Show changes between commits, commit and working tree, etc\n   grep      Print lines matching a pattern\n   log       Show commit logs\n   show      Show various types of objects\n   status    Show the working tree status\n\ngrow, mark and tweak your common history\n   branch    List, create, or delete branches\n   commit    Record changes to the repository\n   merge     Join two or more development histories together\n   rebase    Reapply commits on top of another base tip\n   reset     Reset current HEAD to the specified state\n   switch    Switch branches\n   tag       Create, list, delete or verify a tag object signed with GPG\n\ncollaborate (see also: git help workflows)\n   fetch     Download objects and refs from another repository\n   pull      Fetch from and integrate with another repository or a local branch\n   push      Update remote refs along with associated objects\n\n'git help -a' and 'git help -g' list available subcommands and some\nconcept guides. See 'git help <command>' or 'git help <concept>'\nto read about a specific subcommand or concept.\nSee 'git help git' for an overview of the system.\n""
[0m13:22:33.884700 [debug] [MainThread]: STDERR: "b''"
[0m13:22:33.885703 [info ] [MainThread]:  - git [[32mOK found[0m]

[0m13:22:33.886703 [info ] [MainThread]: Connection test skipped since no profile was found
[0m13:22:33.887699 [info ] [MainThread]: [31m2 checks failed:[0m
[0m13:22:33.889208 [info ] [MainThread]: dbt looked for a profiles.yml file in ../profiles.yml, but did
not find one. For more information on configuring your profile, consult the
documentation:

https://docs.getdbt.com/docs/configure-your-profile


[0m13:22:33.890630 [info ] [MainThread]: Project loading failed for the following reason:
 project path <C:\Users\Franc\Workspace\Pipeline-ETL-Python-DW\dbt_project.yml> not found

[0m13:22:33.892640 [debug] [MainThread]: Command `dbt debug` failed at 13:22:33.892640 after 0.32 seconds
[0m13:22:33.893642 [debug] [MainThread]: Sending event: {'category': 'dbt', 'action': 'invocation', 'label': 'end', 'context': [<snowplow_tracker.self_describing_json.SelfDescribingJson object at 0x000002690F3F94F0>, <snowplow_tracker.self_describing_json.SelfDescribingJson object at 0x000002690F5A7500>, <snowplow_tracker.self_describing_json.SelfDescribingJson object at 0x000002690EC64080>]}
[0m13:22:33.894640 [debug] [MainThread]: Flushing usage events
[0m13:28:32.024506 [debug] [MainThread]: Sending event: {'category': 'dbt', 'action': 'invocation', 'label': 'start', 'context': [<snowplow_tracker.self_describing_json.SelfDescribingJson object at 0x000002948A619610>, <snowplow_tracker.self_describing_json.SelfDescribingJson object at 0x000002948A88BE30>, <snowplow_tracker.self_describing_json.SelfDescribingJson object at 0x0000029484CBF7D0>]}


============================== 13:28:32.024506 | 3de4cab1-f25c-446a-b2c0-9b1c474e5628 ==============================
[0m13:28:32.024506 [info ] [MainThread]: Running with dbt=1.8.8
[0m13:28:32.024506 [debug] [MainThread]: running dbt with arguments {'printer_width': '80', 'indirect_selection': 'eager', 'write_json': 'True', 'log_cache_events': 'False', 'partial_parse': 'True', 'cache_selected_only': 'False', 'warn_error': 'None', 'version_check': 'True', 'profiles_dir': '../', 'log_path': 'logs', 'debug': 'False', 'fail_fast': 'False', 'use_colors': 'True', 'use_experimental_parser': 'False', 'no_print': 'None', 'quiet': 'False', 'empty': 'None', 'warn_error_options': 'WarnErrorOptions(include=[], exclude=[])', 'introspect': 'True', 'log_format': 'default', 'static_parser': 'True', 'target_path': 'None', 'invocation_command': 'dbt debug', 'send_anonymous_usage_stats': 'True'}
[0m13:28:32.055754 [info ] [MainThread]: dbt version: 1.8.8
[0m13:28:32.055754 [info ] [MainThread]: python version: 3.12.3
[0m13:28:32.055754 [info ] [MainThread]: python path: C:\Users\Franc\Workspace\Pipeline-ETL-Python-DW\.venv\Scripts\python.exe
[0m13:28:32.055754 [info ] [MainThread]: os info: Windows-11-10.0.22631-SP0
[0m13:28:32.055754 [info ] [MainThread]: Using profiles dir at ../
[0m13:28:32.055754 [info ] [MainThread]: Using profiles.yml file at ../profiles.yml
[0m13:28:32.071377 [info ] [MainThread]: Using dbt_project.yml file at C:\Users\Franc\Workspace\Pipeline-ETL-Python-DW\dbt_project.yml
[0m13:28:32.073884 [info ] [MainThread]: Configuration:
[0m13:28:32.075563 [info ] [MainThread]:   profiles.yml file [[31mERROR not found[0m]
[0m13:28:32.077834 [info ] [MainThread]:   dbt_project.yml file [[31mERROR not found[0m]
[0m13:28:32.080867 [info ] [MainThread]: Required dependencies:
[0m13:28:32.083348 [debug] [MainThread]: Executing "git --help"
[0m13:28:32.157530 [debug] [MainThread]: STDOUT: "b"usage: git [-v | --version] [-h | --help] [-C <path>] [-c <name>=<value>]\n           [--exec-path[=<path>]] [--html-path] [--man-path] [--info-path]\n           [-p | --paginate | -P | --no-pager] [--no-replace-objects] [--bare]\n           [--git-dir=<path>] [--work-tree=<path>] [--namespace=<name>]\n           [--config-env=<name>=<envvar>] <command> [<args>]\n\nThese are common Git commands used in various situations:\n\nstart a working area (see also: git help tutorial)\n   clone     Clone a repository into a new directory\n   init      Create an empty Git repository or reinitialize an existing one\n\nwork on the current change (see also: git help everyday)\n   add       Add file contents to the index\n   mv        Move or rename a file, a directory, or a symlink\n   restore   Restore working tree files\n   rm        Remove files from the working tree and from the index\n\nexamine the history and state (see also: git help revisions)\n   bisect    Use binary search to find the commit that introduced a bug\n   diff      Show changes between commits, commit and working tree, etc\n   grep      Print lines matching a pattern\n   log       Show commit logs\n   show      Show various types of objects\n   status    Show the working tree status\n\ngrow, mark and tweak your common history\n   branch    List, create, or delete branches\n   commit    Record changes to the repository\n   merge     Join two or more development histories together\n   rebase    Reapply commits on top of another base tip\n   reset     Reset current HEAD to the specified state\n   switch    Switch branches\n   tag       Create, list, delete or verify a tag object signed with GPG\n\ncollaborate (see also: git help workflows)\n   fetch     Download objects and refs from another repository\n   pull      Fetch from and integrate with another repository or a local branch\n   push      Update remote refs along with associated objects\n\n'git help -a' and 'git help -g' list available subcommands and some\nconcept guides. See 'git help <command>' or 'git help <concept>'\nto read about a specific subcommand or concept.\nSee 'git help git' for an overview of the system.\n""
[0m13:28:32.157530 [debug] [MainThread]: STDERR: "b''"
[0m13:28:32.157530 [info ] [MainThread]:  - git [[32mOK found[0m]

[0m13:28:32.170845 [info ] [MainThread]: Connection test skipped since no profile was found
[0m13:28:32.170845 [info ] [MainThread]: [31m2 checks failed:[0m
[0m13:28:32.170845 [info ] [MainThread]: dbt looked for a profiles.yml file in ../profiles.yml, but did
not find one. For more information on configuring your profile, consult the
documentation:

https://docs.getdbt.com/docs/configure-your-profile


[0m13:28:32.180773 [info ] [MainThread]: Project loading failed for the following reason:
 project path <C:\Users\Franc\Workspace\Pipeline-ETL-Python-DW\dbt_project.yml> not found

[0m13:28:32.185778 [debug] [MainThread]: Command `dbt debug` failed at 13:28:32.184771 after 0.35 seconds
[0m13:28:32.187772 [debug] [MainThread]: Sending event: {'category': 'dbt', 'action': 'invocation', 'label': 'end', 'context': [<snowplow_tracker.self_describing_json.SelfDescribingJson object at 0x000002948A4A8230>, <snowplow_tracker.self_describing_json.SelfDescribingJson object at 0x0000029489DC9F10>, <snowplow_tracker.self_describing_json.SelfDescribingJson object at 0x000002948A7C6210>]}
[0m13:28:32.190773 [debug] [MainThread]: Flushing usage events
